1647491293906	mozrunner::runner	INFO	Running command: "C:\\Program Files\\Mozilla Firefox\\firefox.exe" "-marionette" "-foreground" "-no-remote" "-profile" "C:\\Users\\李博林\\AppData\\Local\\Temp\\rust_mozprofileVM17LK"
1647491294159	Marionette	INFO	Marionette enabled
JavaScript error: resource://gre/modules/XULStore.jsm, line 66: Error: Can't find profile directory.
console.warn: SearchSettings: "get: No settings file exists, new profile?" (new NotFoundError("Could not open the file at C:\\Users\\\u674E\u535A\u6797\\AppData\\Local\\Temp\\rust_mozprofileVM17LK\\search.json.mozlz4", (void 0)))
1647491295837	Marionette	INFO	Listening on port 58862
1647491295938	RemoteAgent	WARN	TLS certificate errors will be ignored for this session
JavaScript warning: http://localhost:8080/js/layer/3.1/layer.js, line 1173: unreachable code after return statement
console.warn: LoginRecipes: "getRecipes: falling back to a synchronous message for:" "http://localhost:8080"
JavaScript warning: http://localhost:8080/js/layer/3.1/layer.js, line 1173: unreachable code after return statement
JavaScript warning: http://localhost:8080/js/layer/3.1/layer.js, line 1173: unreachable code after return statement
JavaScript error: resource://activity-stream/lib/PersonalityProvider/PersonalityProvider.jsm, line 68: TypeError: http://%(server)s/dummy/blocklist// is not a valid URL.
JavaScript error: resource://activity-stream/lib/PersonalityProvider/PersonalityProvider.jsm, line 68: TypeError: http://%(server)s/dummy/blocklist// is not a valid URL.
1647491804268	addons.xpi	ERROR	System addon update list error Error: Failed downloading XML, status: 0, reason: error
JavaScript error: resource://activity-stream/lib/PersonalityProvider/PersonalityProvider.jsm, line 68: TypeError: http://%(server)s/dummy/blocklist// is not a valid URL.
JavaScript error: resource://activity-stream/lib/PersonalityProvider/PersonalityProvider.jsm, line 68: TypeError: http://%(server)s/dummy/blocklist// is not a valid URL.
JavaScript error: resource://activity-stream/lib/PersonalityProvider/PersonalityProvider.jsm, line 68: TypeError: http://%(server)s/dummy/blocklist// is not a valid URL.
JavaScript error: resource://activity-stream/lib/PersonalityProvider/PersonalityProvider.jsm, line 68: TypeError: http://%(server)s/dummy/blocklist// is not a valid URL.
JavaScript error: resource://activity-stream/lib/PersonalityProvider/PersonalityProvider.jsm, line 68: TypeError: http://%(server)s/dummy/blocklist// is not a valid URL.
JavaScript error: resource://activity-stream/lib/PersonalityProvider/PersonalityProvider.jsm, line 68: TypeError: http://%(server)s/dummy/blocklist// is not a valid URL.
JavaScript error: resource://activity-stream/lib/PersonalityProvider/PersonalityProvider.jsm, line 68: TypeError: http://%(server)s/dummy/blocklist// is not a valid URL.
console.error: "Error while calling actor 'customhighlighter's method 'show'" "Component returned failure code: 0x80040111 (NS_ERROR_NOT_AVAILABLE) [nsIDOMWindowUtils.getScrollbarSize]"
console.error: ({})
JavaScript error: resource://devtools/shared/protocol/Front.js, line 365: Error: Protocol error (NS_ERROR_NOT_AVAILABLE): Component returned failure code: 0x80040111 (NS_ERROR_NOT_AVAILABLE) [nsIDOMWindowUtils.getScrollbarSize] from: server0.conn0.windowGlobal8589934600/customhighlighter77 (resource://devtools/shared/layout/utils.js:614:0)
console.error: "Error while calling actor 'customhighlighter's method 'show'" "Component returned failure code: 0x80040111 (NS_ERROR_NOT_AVAILABLE) [nsIDOMWindowUtils.getScrollbarSize]"
console.error: ({})
JavaScript error: resource://devtools/shared/protocol/Front.js, line 365: Error: Protocol error (NS_ERROR_NOT_AVAILABLE): Component returned failure code: 0x80040111 (NS_ERROR_NOT_AVAILABLE) [nsIDOMWindowUtils.getScrollbarSize] from: server0.conn0.windowGlobal8589934600/customhighlighter77 (resource://devtools/shared/layout/utils.js:614:0)
console.error: "Error while calling actor 'customhighlighter's method 'show'" "Component returned failure code: 0x80040111 (NS_ERROR_NOT_AVAILABLE) [nsIDOMWindowUtils.getScrollbarSize]"
console.error: ({})
JavaScript error: resource://devtools/shared/protocol/Front.js, line 365: Error: Protocol error (NS_ERROR_NOT_AVAILABLE): Component returned failure code: 0x80040111 (NS_ERROR_NOT_AVAILABLE) [nsIDOMWindowUtils.getScrollbarSize] from: server0.conn0.windowGlobal8589934600/customhighlighter77 (resource://devtools/shared/layout/utils.js:614:0)
console.error: "Error while calling actor 'customhighlighter's method 'show'" "Component returned failure code: 0x80040111 (NS_ERROR_NOT_AVAILABLE) [nsIDOMWindowUtils.getScrollbarSize]"
console.error: ({})
JavaScript error: resource://devtools/shared/protocol/Front.js, line 365: Error: Protocol error (NS_ERROR_NOT_AVAILABLE): Component returned failure code: 0x80040111 (NS_ERROR_NOT_AVAILABLE) [nsIDOMWindowUtils.getScrollbarSize] from: server0.conn0.windowGlobal8589934600/customhighlighter77 (resource://devtools/shared/layout/utils.js:614:0)
console.error: "Error while calling actor 'customhighlighter's method 'show'" "Component returned failure code: 0x80040111 (NS_ERROR_NOT_AVAILABLE) [nsIDOMWindowUtils.getScrollbarSize]"
console.error: ({})
JavaScript error: resource://devtools/shared/protocol/Front.js, line 365: Error: Protocol error (NS_ERROR_NOT_AVAILABLE): Component returned failure code: 0x80040111 (NS_ERROR_NOT_AVAILABLE) [nsIDOMWindowUtils.getScrollbarSize] from: server0.conn0.windowGlobal8589934600/customhighlighter77 (resource://devtools/shared/layout/utils.js:614:0)
console.error: "Error while calling actor 'customhighlighter's method 'show'" "Component returned failure code: 0x80040111 (NS_ERROR_NOT_AVAILABLE) [nsIDOMWindowUtils.getScrollbarSize]"
console.error: ({})
JavaScript error: resource://devtools/shared/protocol/Front.js, line 365: Error: Protocol error (NS_ERROR_NOT_AVAILABLE): Component returned failure code: 0x80040111 (NS_ERROR_NOT_AVAILABLE) [nsIDOMWindowUtils.getScrollbarSize] from: server0.conn0.windowGlobal8589934600/customhighlighter77 (resource://devtools/shared/layout/utils.js:614:0)
console.error: "Error while calling actor 'customhighlighter's method 'show'" "Component returned failure code: 0x80040111 (NS_ERROR_NOT_AVAILABLE) [nsIDOMWindowUtils.getScrollbarSize]"
console.error: ({})
JavaScript error: resource://devtools/shared/protocol/Front.js, line 365: Error: Protocol error (NS_ERROR_NOT_AVAILABLE): Component returned failure code: 0x80040111 (NS_ERROR_NOT_AVAILABLE) [nsIDOMWindowUtils.getScrollbarSize] from: server0.conn0.windowGlobal8589934600/customhighlighter77 (resource://devtools/shared/layout/utils.js:614:0)
console.error: "Error while calling actor 'customhighlighter's method 'show'" "Component returned failure code: 0x80040111 (NS_ERROR_NOT_AVAILABLE) [nsIDOMWindowUtils.getScrollbarSize]"
console.error: ({})
JavaScript error: resource://devtools/shared/protocol/Front.js, line 365: Error: Protocol error (NS_ERROR_NOT_AVAILABLE): Component returned failure code: 0x80040111 (NS_ERROR_NOT_AVAILABLE) [nsIDOMWindowUtils.getScrollbarSize] from: server0.conn0.windowGlobal8589934600/customhighlighter77 (resource://devtools/shared/layout/utils.js:614:0)
console.error: "Error while calling actor 'customhighlighter's method 'show'" "Component returned failure code: 0x80040111 (NS_ERROR_NOT_AVAILABLE) [nsIDOMWindowUtils.getScrollbarSize]"
console.error: ({})
JavaScript error: resource://devtools/shared/protocol/Front.js, line 365: Error: Protocol error (NS_ERROR_NOT_AVAILABLE): Component returned failure code: 0x80040111 (NS_ERROR_NOT_AVAILABLE) [nsIDOMWindowUtils.getScrollbarSize] from: server0.conn0.windowGlobal8589934600/customhighlighter77 (resource://devtools/shared/layout/utils.js:614:0)
console.error: "Error while calling actor 'customhighlighter's method 'show'" "Component returned failure code: 0x80040111 (NS_ERROR_NOT_AVAILABLE) [nsIDOMWindowUtils.getScrollbarSize]"
console.error: ({})
JavaScript error: resource://devtools/shared/protocol/Front.js, line 365: Error: Protocol error (NS_ERROR_NOT_AVAILABLE): Component returned failure code: 0x80040111 (NS_ERROR_NOT_AVAILABLE) [nsIDOMWindowUtils.getScrollbarSize] from: server0.conn0.windowGlobal8589934600/customhighlighter77 (resource://devtools/shared/layout/utils.js:614:0)
console.error: "Error while calling actor 'customhighlighter's method 'show'" "Component returned failure code: 0x80040111 (NS_ERROR_NOT_AVAILABLE) [nsIDOMWindowUtils.getScrollbarSize]"
console.error: ({})
JavaScript error: resource://devtools/shared/protocol/Front.js, line 365: Error: Protocol error (NS_ERROR_NOT_AVAILABLE): Component returned failure code: 0x80040111 (NS_ERROR_NOT_AVAILABLE) [nsIDOMWindowUtils.getScrollbarSize] from: server0.conn0.windowGlobal8589934600/customhighlighter77 (resource://devtools/shared/layout/utils.js:614:0)
console.error: "Error while calling actor 'customhighlighter's method 'show'" "Component returned failure code: 0x80040111 (NS_ERROR_NOT_AVAILABLE) [nsIDOMWindowUtils.getScrollbarSize]"
console.error: ({})
JavaScript error: resource://devtools/shared/protocol/Front.js, line 365: Error: Protocol error (NS_ERROR_NOT_AVAILABLE): Component returned failure code: 0x80040111 (NS_ERROR_NOT_AVAILABLE) [nsIDOMWindowUtils.getScrollbarSize] from: server0.conn0.windowGlobal8589934600/customhighlighter77 (resource://devtools/shared/layout/utils.js:614:0)
console.error: "Error while calling actor 'customhighlighter's method 'show'" "Component returned failure code: 0x80040111 (NS_ERROR_NOT_AVAILABLE) [nsIDOMWindowUtils.getScrollbarSize]"
console.error: ({})
JavaScript error: resource://devtools/shared/protocol/Front.js, line 365: Error: Protocol error (NS_ERROR_NOT_AVAILABLE): Component returned failure code: 0x80040111 (NS_ERROR_NOT_AVAILABLE) [nsIDOMWindowUtils.getScrollbarSize] from: server0.conn0.windowGlobal8589934600/customhighlighter77 (resource://devtools/shared/layout/utils.js:614:0)
console.error: "Error while calling actor 'customhighlighter's method 'show'" "Component returned failure code: 0x80040111 (NS_ERROR_NOT_AVAILABLE) [nsIDOMWindowUtils.getScrollbarSize]"
console.error: ({})
JavaScript error: resource://devtools/shared/protocol/Front.js, line 365: Error: Protocol error (NS_ERROR_NOT_AVAILABLE): Component returned failure code: 0x80040111 (NS_ERROR_NOT_AVAILABLE) [nsIDOMWindowUtils.getScrollbarSize] from: server0.conn0.windowGlobal8589934600/customhighlighter77 (resource://devtools/shared/layout/utils.js:614:0)
console.error: "Error while calling actor 'customhighlighter's method 'show'" "Component returned failure code: 0x80040111 (NS_ERROR_NOT_AVAILABLE) [nsIDOMWindowUtils.getScrollbarSize]"
console.error: ({})
JavaScript error: resource://devtools/shared/protocol/Front.js, line 365: Error: Protocol error (NS_ERROR_NOT_AVAILABLE): Component returned failure code: 0x80040111 (NS_ERROR_NOT_AVAILABLE) [nsIDOMWindowUtils.getScrollbarSize] from: server0.conn0.windowGlobal8589934600/customhighlighter77 (resource://devtools/shared/layout/utils.js:614:0)
console.error: "Error while calling actor 'customhighlighter's method 'show'" "Component returned failure code: 0x80040111 (NS_ERROR_NOT_AVAILABLE) [nsIDOMWindowUtils.getScrollbarSize]"
console.error: ({})
JavaScript error: resource://devtools/shared/protocol/Front.js, line 365: Error: Protocol error (NS_ERROR_NOT_AVAILABLE): Component returned failure code: 0x80040111 (NS_ERROR_NOT_AVAILABLE) [nsIDOMWindowUtils.getScrollbarSize] from: server0.conn0.windowGlobal8589934600/customhighlighter77 (resource://devtools/shared/layout/utils.js:614:0)
JavaScript error: resource://activity-stream/lib/PersonalityProvider/PersonalityProvider.jsm, line 68: TypeError: http://%(server)s/dummy/blocklist// is not a valid URL.
JavaScript error: resource://activity-stream/lib/PersonalityProvider/PersonalityProvider.jsm, line 68: TypeError: http://%(server)s/dummy/blocklist// is not a valid URL.
JavaScript error: resource://activity-stream/lib/PersonalityProvider/PersonalityProvider.jsm, line 68: TypeError: http://%(server)s/dummy/blocklist// is not a valid URL.
JavaScript error: resource://gre/modules/AsyncShutdown.jsm, line 575: NotFoundError: No such JSWindowActor 'DevToolsFrame'
JavaScript error: resource://gre/modules/AsyncShutdown.jsm, line 575: NotFoundError: No such JSWindowActor 'DevToolsFrame'
JavaScript error: resource://gre/modules/AsyncShutdown.jsm, line 575: NotFoundError: No such JSWindowActor 'DevToolsFrame'
JavaScript error: resource://gre/modules/AsyncShutdown.jsm, line 575: NotFoundError: No such JSWindowActor 'DevToolsFrame'
JavaScript error: resource://gre/modules/AsyncShutdown.jsm, line 575: NotFoundError: No such JSWindowActor 'DevToolsFrame'
JavaScript error: resource://gre/modules/AsyncShutdown.jsm, line 575: NotFoundError: No such JSWindowActor 'DevToolsFrame'
JavaScript error: resource://gre/modules/AsyncShutdown.jsm, line 575: NotFoundError: No such JSWindowActor 'DevToolsFrame'
1647499600289	Marionette	INFO	Stopped listening on port 58862

###!!! [Parent][PGPUParent] Error: RunMessage(msgname=PGPU::Msg_ShutdownVR) Channel closing: too late to send/recv, messages will be lost

